# JRE version: OpenJDK Runtime Environment (21.0.8) (build 21.0.8+-14196175-b1038.72)
# Java VM: OpenJDK 64-Bit Server VM (21.0.8+-14196175-b1038.72, mixed mode, tiered, compressed oops, compressed class ptrs, g1 gc, windows-amd64)
GC Precious Log:
 CardTable entry size: 512
 Card Set container configuration: InlinePtr #cards 4 size 8 Array Of Cards #cards 32 size 80 Howl #buckets 8 coarsen threshold 7372 Howl Bitmap #cards 1024 size 144 coarsen threshold 921 Card regions per heap region 1 cards per card region 8192
 CPUs: 22 total, 22 available
 Memory: 7644M
 Large Page Support: Disabled
 NUMA Support: Disabled
 Compressed Oops: Enabled (Zero based)
 Heap Region Size: 4M
 Heap Min Capacity: 8M
 Heap Initial Capacity: 120M
 Heap Max Capacity: 8G
 Pre-touch: Disabled
 Parallel Workers: 16
 Concurrent Workers: 4
 Concurrent Refinement Workers: 16
 Periodic GC: Disabled
Heap:
 garbage-first heap   total 139264K, used 93373K [0x0000000600000000, 0x0000000800000000)
  region size 4096K, 2 young (8192K), 2 survivors (8192K)
 Metaspace       used 87214K, committed 89152K, reserved 1179648K
  class space    used 12520K, committed 13504K, reserved 1048576K
GC Heap History (20 events):
Event: 17.477 GC heap after
{Heap after GC invocations=19 (full 0):
 garbage-first heap   total 114688K, used 52204K [0x0000000600000000, 0x0000000800000000)
  region size 4096K, 2 young (8192K), 2 survivors (8192K)
 Metaspace       used 67179K, committed 68928K, reserved 1114112K
  class space    used 9625K, committed 10496K, reserved 1048576K
}
Event: 23.582 GC heap before
{Heap before GC invocations=19 (full 0):
 garbage-first heap   total 114688K, used 93164K [0x0000000600000000, 0x0000000800000000)
  region size 4096K, 12 young (49152K), 2 survivors (8192K)
 Metaspace       used 72447K, committed 74240K, reserved 1114112K
  class space    used 10331K, committed 11200K, reserved 1048576K
}
Event: 23.654 GC heap after
{Heap after GC invocations=20 (full 0):
 garbage-first heap   total 114688K, used 52368K [0x0000000600000000, 0x0000000800000000)
  region size 4096K, 1 young (4096K), 1 survivors (4096K)
 Metaspace       used 72447K, committed 74240K, reserved 1114112K
  class space    used 10331K, committed 11200K, reserved 1048576K
}
Event: 52.540 GC heap before
{Heap before GC invocations=20 (full 0):
 garbage-first heap   total 114688K, used 89232K [0x0000000600000000, 0x0000000800000000)
  region size 4096K, 12 young (49152K), 1 survivors (4096K)
 Metaspace       used 75685K, committed 77504K, reserved 1179648K
  class space    used 10805K, committed 11712K, reserved 1048576K
}
Event: 52.673 GC heap after
{Heap after GC invocations=21 (full 0):
 garbage-first heap   total 139264K, used 53925K [0x0000000600000000, 0x0000000800000000)
  region size 4096K, 1 young (4096K), 1 survivors (4096K)
 Metaspace       used 75685K, committed 77504K, reserved 1179648K
  class space    used 10805K, committed 11712K, reserved 1048576K
}
Event: 82.890 GC heap before
{Heap before GC invocations=21 (full 0):
 garbage-first heap   total 139264K, used 123557K [0x0000000600000000, 0x0000000800000000)
  region size 4096K, 17 young (69632K), 1 survivors (4096K)
 Metaspace       used 79456K, committed 81280K, reserved 1179648K
  class space    used 11364K, committed 12224K, reserved 1048576K
}
Event: 82.908 GC heap after
{Heap after GC invocations=22 (full 0):
 garbage-first heap   total 139264K, used 64192K [0x0000000600000000, 0x0000000800000000)
  region size 4096K, 3 young (12288K), 3 survivors (12288K)
 Metaspace       used 79456K, committed 81280K, reserved 1179648K
  class space    used 11364K, committed 12224K, reserved 1048576K
}
Event: 86.112 GC heap before
{Heap before GC invocations=22 (full 0):
 garbage-first heap   total 139264K, used 109248K [0x0000000600000000, 0x0000000800000000)
  region size 4096K, 14 young (57344K), 3 survivors (12288K)
 Metaspace       used 83053K, committed 84928K, reserved 1179648K
  class space    used 11924K, committed 12800K, reserved 1048576K
}
Event: 86.141 GC heap after
{Heap after GC invocations=23 (full 0):
 garbage-first heap   total 139264K, used 67422K [0x0000000600000000, 0x0000000800000000)
  region size 4096K, 1 young (4096K), 1 survivors (4096K)
 Metaspace       used 83053K, committed 84928K, reserved 1179648K
  class space    used 11924K, committed 12800K, reserved 1048576K
}
Event: 89.462 GC heap before
{Heap before GC invocations=23 (full 0):
 garbage-first heap   total 139264K, used 116574K [0x0000000600000000, 0x0000000800000000)
  region size 4096K, 14 young (57344K), 1 survivors (4096K)
 Metaspace       used 85675K, committed 87680K, reserved 1179648K
  class space    used 12344K, committed 13312K, reserved 1048576K
}
Event: 89.590 GC heap after
{Heap after GC invocations=24 (full 0):
 garbage-first heap   total 139264K, used 72496K [0x0000000600000000, 0x0000000800000000)
  region size 4096K, 2 young (8192K), 2 survivors (8192K)
 Metaspace       used 85675K, committed 87680K, reserved 1179648K
  class space    used 12344K, committed 13312K, reserved 1048576K
}
Event: 90.439 GC heap before
{Heap before GC invocations=25 (full 0):
 garbage-first heap   total 139264K, used 117552K [0x0000000600000000, 0x0000000800000000)
  region size 4096K, 13 young (53248K), 2 survivors (8192K)
 Metaspace       used 85981K, committed 87936K, reserved 1179648K
  class space    used 12356K, committed 13312K, reserved 1048576K
}
Event: 90.462 GC heap after
{Heap after GC invocations=26 (full 0):
 garbage-first heap   total 139264K, used 77399K [0x0000000600000000, 0x0000000800000000)
  region size 4096K, 2 young (8192K), 2 survivors (8192K)
 Metaspace       used 85981K, committed 87936K, reserved 1179648K
  class space    used 12356K, committed 13312K, reserved 1048576K
}
Event: 91.608 GC heap before
{Heap before GC invocations=26 (full 0):
 garbage-first heap   total 139264K, used 110167K [0x0000000600000000, 0x0000000800000000)
  region size 4096K, 11 young (45056K), 2 survivors (8192K)
 Metaspace       used 85990K, committed 87936K, reserved 1179648K
  class space    used 12357K, committed 13312K, reserved 1048576K
}
Event: 91.616 GC heap after
{Heap after GC invocations=27 (full 0):
 garbage-first heap   total 139264K, used 78499K [0x0000000600000000, 0x0000000800000000)
  region size 4096K, 2 young (8192K), 2 survivors (8192K)
 Metaspace       used 85990K, committed 87936K, reserved 1179648K
  class space    used 12357K, committed 13312K, reserved 1048576K
}
Event: 91.800 GC heap before
{Heap before GC invocations=27 (full 0):
 garbage-first heap   total 139264K, used 111267K [0x0000000600000000, 0x0000000800000000)
  region size 4096K, 11 young (45056K), 2 survivors (8192K)
 Metaspace       used 85995K, committed 87936K, reserved 1179648K
  class space    used 12357K, committed 13312K, reserved 1048576K
}
Event: 91.827 GC heap after
{Heap after GC invocations=28 (full 0):
 garbage-first heap   total 139264K, used 79937K [0x0000000600000000, 0x0000000800000000)
  region size 4096K, 1 young (4096K), 1 survivors (4096K)
 Metaspace       used 85995K, committed 87936K, reserved 1179648K
  class space    used 12357K, committed 13312K, reserved 1048576K
}
Event: 97.087 GC heap before
{Heap before GC invocations=29 (full 0):
 garbage-first heap   total 139264K, used 116801K [0x0000000600000000, 0x0000000800000000)
  region size 4096K, 11 young (45056K), 1 survivors (4096K)
 Metaspace       used 86850K, committed 88832K, reserved 1179648K
  class space    used 12463K, committed 13440K, reserved 1048576K
}
Event: 97.190 GC heap after
{Heap after GC invocations=30 (full 0):
 garbage-first heap   total 139264K, used 84948K [0x0000000600000000, 0x0000000800000000)
  region size 4096K, 2 young (8192K), 2 survivors (8192K)
 Metaspace       used 86850K, committed 88832K, reserved 1179648K
  class space    used 12463K, committed 13440K, reserved 1048576K
}
Event: 107.787 GC heap before
{Heap before GC invocations=30 (full 0):
 garbage-first heap   total 139264K, used 113620K [0x0000000600000000, 0x0000000800000000)
  region size 4096K, 10 young (40960K), 2 survivors (8192K)
 Metaspace       used 87214K, committed 89152K, reserved 1179648K
  class space    used 12520K, committed 13504K, reserved 1048576K
}

